JSON: /Volumes/WDsmall/Icloud/2024/10/03/Фото057.heic.json, Media: /Volumes/WDsmall/Icloud/2024/10/03/Фото057.heic, Error: Metadata application error: 'list' object has no attribute 'get'
JSON: /Volumes/WDsmall/Icloud/2024/09/29/IMG_9556.heic.json, Media: /Volumes/WDsmall/Icloud/2024/09/29/IMG_9556.heic, Error: Metadata application error: 'list' object has no attribute 'get'
JSON: /Volumes/WDsmall/Icloud/2024/09/29/IMG_9557_A6AABFC1-D824-49DE-8F3E-65A671AAA09F.heic.json, Media: /Volumes/WDsmall/Icloud/2024/09/29/IMG_9557_A6AABFC1-D824-49DE-8F3E-65A671AAA09F.heic, Error: Metadata application error: 'list' object has no attribute 'get'
JSON: /Volumes/WDsmall/Icloud/2024/09/29/IMG_9558.heic.json, Media: /Volumes/WDsmall/Icloud/2024/09/29/IMG_9558.heic, Error: Metadata application error: 'list' object has no attribute 'get'
JSON: /Volumes/WDsmall/Icloud/2024/09/29/IMG_9560 (1).MOV.json, Media: /Volumes/WDsmall/Icloud/2024/09/29/IMG_9560 (1).MOV, Error: Metadata application error: 'list' object has no attribute 'get'
JSON: /Volumes/WDsmall/Icloud/2024/09/29/me copy 2_09091635-F596-4951-9557-55755D31776B.heic.json, Media: /Volumes/WDsmall/Icloud/2024/09/29/me copy 2_09091635-F596-4951-9557-55755D31776B.heic, Error: Metadata application error: 'list' object has no attribute 'get'
JSON: /Volumes/WDsmall/Icloud/2024/09/28/FullSizeRender(10) (1).heic.json, Media: /Volumes/WDsmall/Icloud/2024/09/28/FullSizeRender(10) (1).heic, Error: Metadata application error: 'list' object has no attribute 'get'
JSON: /Volumes/WDsmall/Icloud/2024/09/28/FullSizeRender(11).heic.json, Media: /Volumes/WDsmall/Icloud/2024/09/28/FullSizeRender(11).heic, Error: Metadata application error: 'list' object has no attribute 'get'
JSON: /Volumes/WDsmall/Icloud/2024/09/28/FullSizeRender(6).heic.json, Media: /Volumes/WDsmall/Icloud/2024/09/28/FullSizeRender(6).heic, Error: Metadata application error: 'list' object has no attribute 'get'
JSON: /Volumes/WDsmall/Icloud/2024/09/28/FullSizeRender(7).heic.json, Media: /Volumes/WDsmall/Icloud/2024/09/28/FullSizeRender(7).heic, Error: Metadata application error: 'list' object has no attribute 'get'
JSON: /Volumes/WDsmall/Icloud/2024/09/28/FullSizeRender(8).heic.json, Media: /Volumes/WDsmall/Icloud/2024/09/28/FullSizeRender(8).heic, Error: Metadata application error: 'list' object has no attribute 'get'
JSON: /Volumes/WDsmall/Icloud/2024/09/28/FullSizeRender(9).heic.json, Media: /Volumes/WDsmall/Icloud/2024/09/28/FullSizeRender(9).heic, Error: Metadata application error: 'list' object has no attribute 'get'
JSON: /Volumes/WDsmall/Icloud/2024/09/28/IMG_6311 (2).MOV.json, Media: /Volumes/WDsmall/Icloud/2024/09/28/IMG_6311 (2).MOV, Error: Metadata application error: 'list' object has no attribute 'get'
JSON: /Volumes/WDsmall/Icloud/2024/09/28/IMG_6312 (4).MOV.json, Media: /Volumes/WDsmall/Icloud/2024/09/28/IMG_6312 (4).MOV, Error: Metadata application error: 'list' object has no attribute 'get'
JSON: /Volumes/WDsmall/Icloud/2024/09/28/IMG_6314 (1).MOV.json, Media: /Volumes/WDsmall/Icloud/2024/09/28/IMG_6314 (1).MOV, Error: Metadata application error: 'list' object has no attribute 'get'
JSON: /Volumes/WDsmall/Icloud/2024/09/28/IMG_6315 (2).MOV.json, Media: /Volumes/WDsmall/Icloud/2024/09/28/IMG_6315 (2).MOV, Error: Metadata application error: 'list' object has no attribute 'get'
JSON: /Volumes/WDsmall/Icloud/2024/09/28/IMG_6321 (1).MOV.json, Media: /Volumes/WDsmall/Icloud/2024/09/28/IMG_6321 (1).MOV, Error: Metadata application error: 'list' object has no attribute 'get'
JSON: /Volumes/WDsmall/Icloud/2024/09/28/IMG_9403 (2).HEIC.json, Media: /Volumes/WDsmall/Icloud/2024/09/28/IMG_9403 (2).HEIC, Error: Metadata application error: 'list' object has no attribute 'get'
JSON: /Volumes/WDsmall/Icloud/2024/09/28/IMG_9404 (2).HEIC.json, Media: /Volumes/WDsmall/Icloud/2024/09/28/IMG_9404 (2).HEIC, Error: Metadata application error: 'list' object has no attribute 'get'
JSON: /Volumes/WDsmall/Icloud/2024/09/28/IMG_9405.HEIC.json, Media: /Volumes/WDsmall/Icloud/2024/09/28/IMG_9405.HEIC, Error: Metadata application error: 'list' object has no attribute 'get'
JSON: /Volumes/WDsmall/Icloud/2024/09/28/IMG_9406 (2).HEIC.json, Media: /Volumes/WDsmall/Icloud/2024/09/28/IMG_9406 (2).HEIC, Error: Metadata application error: 'list' object has no attribute 'get'
JSON: /Volumes/WDsmall/Icloud/2024/09/28/IMG_9407 (1).HEIC.json, Media: /Volumes/WDsmall/Icloud/2024/09/28/IMG_9407 (1).HEIC, Error: Metadata application error: 'list' object has no attribute 'get'
JSON: /Volumes/WDsmall/Icloud/2024/09/28/IMG_9408 (5).HEIC.json, Media: /Volumes/WDsmall/Icloud/2024/09/28/IMG_9408 (5).HEIC, Error: Metadata application error: 'list' object has no attribute 'get'
JSON: /Volumes/WDsmall/Icloud/2024/09/28/IMG_9409.HEIC.json, Media: /Volumes/WDsmall/Icloud/2024/09/28/IMG_9409.HEIC, Error: Metadata application error: 'list' object has no attribute 'get'
JSON: /Volumes/WDsmall/Icloud/2024/09/28/IMG_9410.HEIC.json, Media: /Volumes/WDsmall/Icloud/2024/09/28/IMG_9410.HEIC, Error: Metadata application error: 'list' object has no attribute 'get'
JSON: /Volumes/WDsmall/Icloud/2024/09/28/IMG_9411_19A176B1-3F9B-4AE7-8BCF-2536F1C65F1D.HEIC.json, Media: /Volumes/WDsmall/Icloud/2024/09/28/IMG_9411_19A176B1-3F9B-4AE7-8BCF-2536F1C65F1D.HEIC, Error: Metadata application error: 'list' object has no attribute 'get'
JSON: /Volumes/WDsmall/Icloud/2024/09/28/IMG_9412_83986A33-6F6E-4460-AC41-D8120E875673.HEIC.json, Media: /Volumes/WDsmall/Icloud/2024/09/28/IMG_9412_83986A33-6F6E-4460-AC41-D8120E875673.HEIC, Error: Metadata application error: 'list' object has no attribute 'get'
JSON: /Volumes/WDsmall/Icloud/2024/09/28/IMG_9413 (3).HEIC.json, Media: /Volumes/WDsmall/Icloud/2024/09/28/IMG_9413 (3).HEIC, Error: Metadata application error: 'list' object has no attribute 'get'
JSON: /Volumes/WDsmall/Icloud/2024/09/28/IMG_9414 (1).MOV.json, Media: /Volumes/WDsmall/Icloud/2024/09/28/IMG_9414 (1).MOV, Error: Metadata application error: 'list' object has no attribute 'get'
JSON: /Volumes/WDsmall/Icloud/2024/09/28/IMG_9415 (6).heic.json, Media: /Volumes/WDsmall/Icloud/2024/09/28/IMG_9415 (6).heic, Error: Metadata application error: 'list' object has no attribute 'get'
JSON: /Volumes/WDsmall/Icloud/2024/09/28/IMG_9416 (5).heic.json, Media: /Volumes/WDsmall/Icloud/2024/09/28/IMG_9416 (5).heic, Error: Metadata application error: 'list' object has no attribute 'get'
JSON: /Volumes/WDsmall/Icloud/2024/09/28/IMG_9417 (4).HEIC.json, Media: /Volumes/WDsmall/Icloud/2024/09/28/IMG_9417 (4).HEIC, Error: Metadata application error: 'list' object has no attribute 'get'
JSON: /Volumes/WDsmall/Icloud/2024/09/28/IMG_9418 (1).HEIC.json, Media: /Volumes/WDsmall/Icloud/2024/09/28/IMG_9418 (1).HEIC, Error: Metadata application error: 'list' object has no attribute 'get'
JSON: /Volumes/WDsmall/Icloud/2024/09/28/IMG_9419_06F04C0F-26F5-48A4-9A66-B3CCC4C3DE8A.HEIC.json, Media: /Volumes/WDsmall/Icloud/2024/09/28/IMG_9419_06F04C0F-26F5-48A4-9A66-B3CCC4C3DE8A.HEIC, Error: Metadata application error: 'list' object has no attribute 'get'
JSON: /Volumes/WDsmall/Icloud/2024/09/28/IMG_9420.HEIC.json, Media: /Volumes/WDsmall/Icloud/2024/09/28/IMG_9420.HEIC, Error: Metadata application error: 'list' object has no attribute 'get'
JSON: /Volumes/WDsmall/Icloud/2024/09/28/IMG_9421 (1).HEIC.json, Media: /Volumes/WDsmall/Icloud/2024/09/28/IMG_9421 (1).HEIC, Error: Metadata application error: 'list' object has no attribute 'get'
JSON: /Volumes/WDsmall/Icloud/2024/09/28/IMG_9422 (2).HEIC.json, Media: /Volumes/WDsmall/Icloud/2024/09/28/IMG_9422 (2).HEIC, Error: Metadata application error: 'list' object has no attribute 'get'
JSON: /Volumes/WDsmall/Icloud/2024/09/28/IMG_9423 (1).HEIC.json, Media: /Volumes/WDsmall/Icloud/2024/09/28/IMG_9423 (1).HEIC, Error: Metadata application error: 'list' object has no attribute 'get'
JSON: /Volumes/WDsmall/Icloud/2024/09/28/IMG_9424.HEIC.json, Media: /Volumes/WDsmall/Icloud/2024/09/28/IMG_9424.HEIC, Error: Metadata application error: 'list' object has no attribute 'get'
JSON: /Volumes/WDsmall/Icloud/2024/09/28/IMG_9425 (5).HEIC.json, Media: /Volumes/WDsmall/Icloud/2024/09/28/IMG_9425 (5).HEIC, Error: Metadata application error: 'list' object has no attribute 'get'
JSON: /Volumes/WDsmall/Icloud/2024/09/28/IMG_9426 (3).HEIC.json, Media: /Volumes/WDsmall/Icloud/2024/09/28/IMG_9426 (3).HEIC, Error: Metadata application error: 'list' object has no attribute 'get'
JSON: /Volumes/WDsmall/Icloud/2024/09/28/IMG_9427.HEIC.json, Media: /Volumes/WDsmall/Icloud/2024/09/28/IMG_9427.HEIC, Error: Metadata application error: 'list' object has no attribute 'get'
JSON: /Volumes/WDsmall/Icloud/2024/09/28/IMG_9428 (3).HEIC.json, Media: /Volumes/WDsmall/Icloud/2024/09/28/IMG_9428 (3).HEIC, Error: Metadata application error: 'list' object has no attribute 'get'
JSON: /Volumes/WDsmall/Icloud/2024/09/25/IMG_1397 (2)_hevc.mp4.json, Media: /Volumes/WDsmall/Icloud/2024/09/25/IMG_1397 (2)_hevc.mp4, Error: Metadata application error: 'list' object has no attribute 'get'
JSON: /Volumes/WDsmall/Icloud/2024/09/25/IMG_1399 (1)_hevc.mp4.json, Media: /Volumes/WDsmall/Icloud/2024/09/25/IMG_1399 (1)_hevc.mp4, Error: Metadata application error: 'list' object has no attribute 'get'
JSON: /Volumes/WDsmall/Icloud/2024/09/25/IMG_1400 (1)_hevc.mp4.json, Media: /Volumes/WDsmall/Icloud/2024/09/25/IMG_1400 (1)_hevc.mp4, Error: Metadata application error: 'list' object has no attribute 'get'
JSON: /Volumes/WDsmall/Icloud/2024/09/24/IMG_1396 copy_203141D5-6716-42BC-8C2E-A21D2D00A968 (1)_hevc.mp4.json, Media: /Volumes/WDsmall/Icloud/2024/09/24/IMG_1396 copy_203141D5-6716-42BC-8C2E-A21D2D00A968 (1)_hevc.mp4, Error: Metadata application error: 'list' object has no attribute 'get'
